Traceback (most recent call last):
  File "//anaconda/lib/python3.5/site-packages/spyder/app/mainwindow.py", line 3001, in main
    mainwindow = run_spyder(app, options, args)
  File "//anaconda/lib/python3.5/site-packages/spyder/app/mainwindow.py", line 2905, in run_spyder
    main.setup()
  File "//anaconda/lib/python3.5/site-packages/spyder/app/mainwindow.py", line 869, in setup
    self.projects = Projects(self)
  File "//anaconda/lib/python3.5/site-packages/spyder/plugins/projects.py", line 71, in __init__
    self.setup_project(self.get_active_project_path())
  File "//anaconda/lib/python3.5/site-packages/spyder/widgets/projects/explorer.py", line 226, in setup_project
    show_all=self.show_all)
  File "//anaconda/lib/python3.5/site-packages/spyder/widgets/explorer.py", line 195, in setup
    self.common_actions = self.setup_common_actions()
  File "//anaconda/lib/python3.5/site-packages/spyder/widgets/projects/explorer.py", line 55, in setup_common_actions
    self.toggle_hscrollbar(self.show_hscrollbar)
  File "//anaconda/lib/python3.5/site-packages/spyder/widgets/projects/explorer.py", line 70, in toggle_hscrollbar
    self.header().setResizeMode(QHeaderView.ResizeToContents)
  File "//anaconda/lib/python3.5/site-packages/qtpy/_patch/qheaderview.py", line 83, in setResizeMode
    raise Exception('setResizeMode is only available in Qt4. Use '
Exception: setResizeMode is only available in Qt4. Use setSectionResizeMode instead.
